<?xml version="1.0" encoding="UTF-8"?>
<testng-results skipped="0" failed="0" ignored="0" total="1" passed="1">
  <reporter-output>
  </reporter-output>
  <suite name="Suite1" duration-ms="15804" started-at="2017-12-15T16:12:30Z" finished-at="2017-12-15T16:12:46Z">
    <groups>
      <group name="cucumber">
        <method signature="AbstractTestNGCucumberTests.feature(cucumber.api.testng.CucumberFeatureWrapper)[pri:0, instance:testRunner.FSconnection$TestRunner@91161c7]" name="feature" class="cucumber.api.testng.AbstractTestNGCucumberTests"/>
      </group> <!-- cucumber -->
    </groups>
    <test name="Nopackage" duration-ms="15804" started-at="2017-12-15T16:12:30Z" finished-at="2017-12-15T16:12:46Z">
      <class name="testRunner.FSconnection$TestRunner">
        <test-method status="PASS" signature="setUpClass()[pri:0, instance:testRunner.FSconnection$TestRunner@91161c7]" name="setUpClass" is-config="true" duration-ms="703" started-at="2017-12-15T11:12:30Z" finished-at="2017-12-15T11:12:31Z">
          <reporter-output>
          </reporter-output>
        </test-method> <!-- setUpClass -->
        <test-method status="PASS" signature="feature(cucumber.api.testng.CucumberFeatureWrapper)[pri:0, instance:testRunner.FSconnection$TestRunner@91161c7]" name="feature" duration-ms="14736" started-at="2017-12-15T11:12:31Z" description="Runs Cucumber Feature" data-provider="features" finished-at="2017-12-15T11:12:46Z">
          <params>
            <param index="0">
              <value>
                <![CDATA[Login to HRM page]]>
              </value>
            </param>
          </params>
          <reporter-output>
          </reporter-output>
        </test-method> <!-- feature -->
        <test-method status="PASS" signature="tearDownClass()[pri:0, instance:testRunner.FSconnection$TestRunner@91161c7]" name="tearDownClass" is-config="true" duration-ms="39" started-at="2017-12-15T11:12:46Z" finished-at="2017-12-15T11:12:46Z">
          <reporter-output>
          </reporter-output>
        </test-method> <!-- tearDownClass -->
      </class> <!-- testRunner.FSconnection$TestRunner -->
    </test> <!-- Nopackage -->
  </suite> <!-- Suite1 -->
</testng-results>
